  Proyecto.cpp
D:\ProyectoCompu\316161927_Proyecto_Gpo12\ProyectoFinal\ProyectoFinal\Proyecto.cpp(182,30): warning C4244: 'inicializando': conversión de 'double' a 'GLfloat'; posible pérdida de datos
D:\ProyectoCompu\316161927_Proyecto_Gpo12\ProyectoFinal\ProyectoFinal\Proyecto.cpp(277,29): warning C4244: '=': conversión de 'double' a 'float'; posible pérdida de datos
D:\ProyectoCompu\316161927_Proyecto_Gpo12\ProyectoFinal\ProyectoFinal\Proyecto.cpp(395,32): warning C4305: '-=': truncamiento de 'double' a 'float'
D:\ProyectoCompu\316161927_Proyecto_Gpo12\ProyectoFinal\ProyectoFinal\Proyecto.cpp(396,32): warning C4305: '-=': truncamiento de 'double' a 'float'
D:\ProyectoCompu\316161927_Proyecto_Gpo12\ProyectoFinal\ProyectoFinal\Proyecto.cpp(401,32): warning C4305: '+=': truncamiento de 'double' a 'float'
D:\ProyectoCompu\316161927_Proyecto_Gpo12\ProyectoFinal\ProyectoFinal\Proyecto.cpp(402,32): warning C4305: '+=': truncamiento de 'double' a 'float'
D:\ProyectoCompu\316161927_Proyecto_Gpo12\ProyectoFinal\ProyectoFinal\Proyecto.cpp(508,17): warning C4244: '=': conversión de 'double' a 'GLfloat'; posible pérdida de datos
D:\ProyectoCompu\316161927_Proyecto_Gpo12\ProyectoFinal\ProyectoFinal\Proyecto.cpp(509,17): warning C4244: '=': conversión de 'double' a 'GLfloat'; posible pérdida de datos
D:\ProyectoCompu\316161927_Proyecto_Gpo12\ProyectoFinal\ProyectoFinal\Proyecto.cpp(513,21): warning C4244: 'inicializando': conversión de 'double' a 'GLfloat'; posible pérdida de datos
D:\ProyectoCompu\316161927_Proyecto_Gpo12\ProyectoFinal\ProyectoFinal\Proyecto.cpp(514,21): warning C4244: 'inicializando': conversión de 'double' a 'GLfloat'; posible pérdida de datos
D:\ProyectoCompu\316161927_Proyecto_Gpo12\ProyectoFinal\ProyectoFinal\Proyecto.cpp(516,13): warning C4244: '=': conversión de 'double' a 'GLfloat'; posible pérdida de datos
D:\ProyectoCompu\316161927_Proyecto_Gpo12\ProyectoFinal\ProyectoFinal\Proyecto.cpp(517,14): warning C4244: '=': conversión de 'double' a 'GLfloat'; posible pérdida de datos
  LINK : no se encontró D:\ProyectoCompu\316161927_Proyecto_Gpo12\ProyectoFinal\Debug\ProyectoFinal.exe o no lo generó el último vínculo incremental; ejecutando vínculo completo
LINK : warning LNK4098: la biblioteca predeterminada'MSVCRT' entra en conflicto con otras bibliotecas; use la biblioteca /NODEFAULTLIB:biblioteca
soil2-debug.lib(etc1_utils.obj) : warning LNK4099: no se encontró PDB 'soil2-debug.pdb' con 'soil2-debug.lib(etc1_utils.obj)' o en 'D:\ProyectoCompu\316161927_Proyecto_Gpo12\ProyectoFinal\Debug\soil2-debug.pdb'; se vinculará el objeto sin tener en cuenta información de depuración
soil2-debug.lib(image_DXT.obj) : warning LNK4099: no se encontró PDB 'soil2-debug.pdb' con 'soil2-debug.lib(image_DXT.obj)' o en 'D:\ProyectoCompu\316161927_Proyecto_Gpo12\ProyectoFinal\Debug\soil2-debug.pdb'; se vinculará el objeto sin tener en cuenta información de depuración
soil2-debug.lib(image_helper.obj) : warning LNK4099: no se encontró PDB 'soil2-debug.pdb' con 'soil2-debug.lib(image_helper.obj)' o en 'D:\ProyectoCompu\316161927_Proyecto_Gpo12\ProyectoFinal\Debug\soil2-debug.pdb'; se vinculará el objeto sin tener en cuenta información de depuración
soil2-debug.lib(SOIL2.obj) : warning LNK4099: no se encontró PDB 'soil2-debug.pdb' con 'soil2-debug.lib(SOIL2.obj)' o en 'D:\ProyectoCompu\316161927_Proyecto_Gpo12\ProyectoFinal\Debug\soil2-debug.pdb'; se vinculará el objeto sin tener en cuenta información de depuración
  ProyectoFinal.vcxproj -> D:\ProyectoCompu\316161927_Proyecto_Gpo12\ProyectoFinal\Debug\ProyectoFinal.exe
